<?xml version="1.0" encoding="UTF-8"?>
<!-- Generated by org.testng.reporters.JUnitReportReporter -->
<testsuite hostname="INYalagudriD01" failures="0" tests="15" name="com.heroku.home.HomePge" time="30.092" errors="0" timestamp="12 Nov 2020 13:35:07 GMT">
  <testcase classname="com.heroku.home.HomePge" name="test10_File_Upload" time="2.131"/>
  <testcase classname="com.heroku.home.HomePge" name="test02_handle_Autocomplete" time="1.190"/>
  <testcase classname="com.heroku.home.HomePge" name="test07_click_Data_Picker" time="2.137"/>
  <testcase classname="com.heroku.home.HomePge" name="test06_checkBoxes" time="2.170"/>
  <testcase classname="com.heroku.home.HomePge" name="test15_Switch_Window" time="2.142"/>
  <testcase classname="com.heroku.home.HomePge" name="test09_Enabled_and_disabled_elements" time="2.137"/>
  <testcase classname="com.heroku.home.HomePge" name="test05_Datepicker" time="2.140"/>
  <testcase classname="com.heroku.home.HomePge" name="test14_Radio_Button" time="2.140"/>
  <testcase classname="com.heroku.home.HomePge" name="test03_button_click" time="3.148"/>
  <testcase classname="com.heroku.home.HomePge" name="test16_Complete_Web_Form" time="2.142"/>
  <testcase classname="com.heroku.home.HomePge" name="test01_home_Page_Load" time="0.067"/>
  <testcase classname="com.heroku.home.HomePge" name="test13_Page_Scroll" time="2.134"/>
  <testcase classname="com.heroku.home.HomePge" name="test08_click_Drag_and_Drop" time="2.128"/>
  <testcase classname="com.heroku.home.HomePge" name="test11_Key_and_Mouse_Press" time="2.132"/>
  <testcase classname="com.heroku.home.HomePge" name="test12_Modal" time="2.154"/>
</testsuite>
