<?xml version="1.0" encoding="UTF-8"?>
<testsuite xmlns:xsi="http://www.w3.org/2001/XMLSchema-instance" xsi:noNamespaceSchemaLocation="https://maven.apache.org/surefire/maven-failsafe-plugin/xsd/failsafe-test-report.xsd" name="TestSuite" time="44.393" tests="15" errors="0" skipped="0" failures="0">
  <properties>
    <property name="sun.desktop" value="windows"/>
    <property name="awt.toolkit" value="sun.awt.windows.WToolkit"/>
    <property name="java.specification.version" value="11"/>
    <property name="sun.cpu.isalist" value="amd64"/>
    <property name="sun.jnu.encoding" value="Cp1252"/>
    <property name="java.class.path" value="F:\Personal\Projects\maven_heroku\target\test-classes;F:\Personal\Projects\maven_heroku\target\maven_heroku-0.0.1-SNAPSHOT.jar;C:\Users\BYalagudriD.CORPDOM\.m2\repository\log4j\log4j\1.2.17\log4j-1.2.17.jar;C:\Users\BYalagudriD.CORPDOM\.m2\repository\org\seleniumhq\selenium\selenium-java\3.141.59\selenium-java-3.141.59.jar;C:\Users\BYalagudriD.CORPDOM\.m2\repository\org\seleniumhq\selenium\selenium-edge-driver\3.141.59\selenium-edge-driver-3.141.59.jar;C:\Users\BYalagudriD.CORPDOM\.m2\repository\org\seleniumhq\selenium\selenium-firefox-driver\3.141.59\selenium-firefox-driver-3.141.59.jar;C:\Users\BYalagudriD.CORPDOM\.m2\repository\org\seleniumhq\selenium\selenium-ie-driver\3.141.59\selenium-ie-driver-3.141.59.jar;C:\Users\BYalagudriD.CORPDOM\.m2\repository\org\seleniumhq\selenium\selenium-opera-driver\3.141.59\selenium-opera-driver-3.141.59.jar;C:\Users\BYalagudriD.CORPDOM\.m2\repository\org\seleniumhq\selenium\selenium-remote-driver\3.141.59\selenium-remote-driver-3.141.59.jar;C:\Users\BYalagudriD.CORPDOM\.m2\repository\org\seleniumhq\selenium\selenium-safari-driver\3.141.59\selenium-safari-driver-3.141.59.jar;C:\Users\BYalagudriD.CORPDOM\.m2\repository\net\bytebuddy\byte-buddy\1.8.15\byte-buddy-1.8.15.jar;C:\Users\BYalagudriD.CORPDOM\.m2\repository\org\apache\commons\commons-exec\1.3\commons-exec-1.3.jar;C:\Users\BYalagudriD.CORPDOM\.m2\repository\com\google\guava\guava\25.0-jre\guava-25.0-jre.jar;C:\Users\BYalagudriD.CORPDOM\.m2\repository\com\google\code\findbugs\jsr305\1.3.9\jsr305-1.3.9.jar;C:\Users\BYalagudriD.CORPDOM\.m2\repository\org\checkerframework\checker-compat-qual\2.0.0\checker-compat-qual-2.0.0.jar;C:\Users\BYalagudriD.CORPDOM\.m2\repository\com\google\errorprone\error_prone_annotations\2.1.3\error_prone_annotations-2.1.3.jar;C:\Users\BYalagudriD.CORPDOM\.m2\repository\com\google\j2objc\j2objc-annotations\1.1\j2objc-annotations-1.1.jar;C:\Users\BYalagudriD.CORPDOM\.m2\repository\org\codehaus\mojo\animal-sniffer-annotations\1.14\animal-sniffer-annotations-1.14.jar;C:\Users\BYalagudriD.CORPDOM\.m2\repository\com\squareup\okhttp3\okhttp\3.11.0\okhttp-3.11.0.jar;C:\Users\BYalagudriD.CORPDOM\.m2\repository\com\squareup\okio\okio\1.14.0\okio-1.14.0.jar;C:\Users\BYalagudriD.CORPDOM\.m2\repository\io\github\bonigarcia\webdrivermanager\3.7.1\webdrivermanager-3.7.1.jar;C:\Users\BYalagudriD.CORPDOM\.m2\repository\org\slf4j\slf4j-api\1.7.25\slf4j-api-1.7.25.jar;C:\Users\BYalagudriD.CORPDOM\.m2\repository\commons-io\commons-io\2.6\commons-io-2.6.jar;C:\Users\BYalagudriD.CORPDOM\.m2\repository\com\google\code\gson\gson\2.8.5\gson-2.8.5.jar;C:\Users\BYalagudriD.CORPDOM\.m2\repository\org\apache\commons\commons-lang3\3.8.1\commons-lang3-3.8.1.jar;C:\Users\BYalagudriD.CORPDOM\.m2\repository\org\apache\httpcomponents\httpclient\4.5.6\httpclient-4.5.6.jar;C:\Users\BYalagudriD.CORPDOM\.m2\repository\org\apache\httpcomponents\httpcore\4.4.10\httpcore-4.4.10.jar;C:\Users\BYalagudriD.CORPDOM\.m2\repository\commons-logging\commons-logging\1.2\commons-logging-1.2.jar;C:\Users\BYalagudriD.CORPDOM\.m2\repository\commons-codec\commons-codec\1.10\commons-codec-1.10.jar;C:\Users\BYalagudriD.CORPDOM\.m2\repository\org\rauschig\jarchivelib\1.0.0\jarchivelib-1.0.0.jar;C:\Users\BYalagudriD.CORPDOM\.m2\repository\org\apache\commons\commons-compress\1.18\commons-compress-1.18.jar;C:\Users\BYalagudriD.CORPDOM\.m2\repository\org\jsoup\jsoup\1.11.3\jsoup-1.11.3.jar;C:\Users\BYalagudriD.CORPDOM\.m2\repository\junit\junit\4.12\junit-4.12.jar;C:\Users\BYalagudriD.CORPDOM\.m2\repository\org\hamcrest\hamcrest-core\1.3\hamcrest-core-1.3.jar;C:\Users\BYalagudriD.CORPDOM\.m2\repository\org\testng\testng\6.3.1\testng-6.3.1.jar;C:\Users\BYalagudriD.CORPDOM\.m2\repository\org\beanshell\bsh\2.0b4\bsh-2.0b4.jar;C:\Users\BYalagudriD.CORPDOM\.m2\repository\com\beust\jcommander\1.12\jcommander-1.12.jar;C:\Users\BYalagudriD.CORPDOM\.m2\repository\org\yaml\snakeyaml\1.6\snakeyaml-1.6.jar;C:\Users\BYalagudriD.CORPDOM\.m2\repository\io\rest-assured\rest-assured\4.3.0\rest-assured-4.3.0.jar;C:\Users\BYalagudriD.CORPDOM\.m2\repository\org\codehaus\groovy\groovy\3.0.2\groovy-3.0.2.jar;C:\Users\BYalagudriD.CORPDOM\.m2\repository\org\codehaus\groovy\groovy-xml\3.0.2\groovy-xml-3.0.2.jar;C:\Users\BYalagudriD.CORPDOM\.m2\repository\org\apache\httpcomponents\httpmime\4.5.3\httpmime-4.5.3.jar;C:\Users\BYalagudriD.CORPDOM\.m2\repository\org\hamcrest\hamcrest\2.1\hamcrest-2.1.jar;C:\Users\BYalagudriD.CORPDOM\.m2\repository\org\ccil\cowan\tagsoup\tagsoup\1.2.1\tagsoup-1.2.1.jar;C:\Users\BYalagudriD.CORPDOM\.m2\repository\io\rest-assured\json-path\4.3.0\json-path-4.3.0.jar;C:\Users\BYalagudriD.CORPDOM\.m2\repository\org\codehaus\groovy\groovy-json\3.0.2\groovy-json-3.0.2.jar;C:\Users\BYalagudriD.CORPDOM\.m2\repository\io\rest-assured\rest-assured-common\4.3.0\rest-assured-common-4.3.0.jar;C:\Users\BYalagudriD.CORPDOM\.m2\repository\io\rest-assured\xml-path\4.3.0\xml-path-4.3.0.jar;C:\Users\BYalagudriD.CORPDOM\.m2\repository\jakarta\xml\bind\jakarta.xml.bind-api\2.3.2\jakarta.xml.bind-api-2.3.2.jar;C:\Users\BYalagudriD.CORPDOM\.m2\repository\jakarta\activation\jakarta.activation-api\1.2.1\jakarta.activation-api-1.2.1.jar;C:\Users\BYalagudriD.CORPDOM\.m2\repository\com\sun\xml\bind\jaxb-osgi\2.3.0.1\jaxb-osgi-2.3.0.1.jar;C:\Users\BYalagudriD.CORPDOM\.m2\repository\org\apache\sling\org.apache.sling.javax.activation\0.1.0\org.apache.sling.javax.activation-0.1.0.jar;C:\Users\BYalagudriD.CORPDOM\.m2\repository\javax\activation\activation\1.1.1\activation-1.1.1.jar;C:\Users\BYalagudriD.CORPDOM\.m2\repository\com\saucelabs\sauce_junit\2.1.25\sauce_junit-2.1.25.jar;C:\Users\BYalagudriD.CORPDOM\.m2\repository\com\saucelabs\sauce_java_common\2.1.25\sauce_java_common-2.1.25.jar;C:\Users\BYalagudriD.CORPDOM\.m2\repository\com\saucelabs\saucerest\1.0.39\saucerest-1.0.39.jar;C:\Users\BYalagudriD.CORPDOM\.m2\repository\org\json\json\20171018\json-20171018.jar;C:\Users\BYalagudriD.CORPDOM\.m2\repository\org\seleniumhq\selenium\selenium-api\3.141.59\selenium-api-3.141.59.jar;C:\Users\BYalagudriD.CORPDOM\.m2\repository\org\seleniumhq\selenium\selenium-chrome-driver\3.141.59\selenium-chrome-driver-3.141.59.jar;C:\Users\BYalagudriD.CORPDOM\.m2\repository\org\seleniumhq\selenium\selenium-support\3.141.59\selenium-support-3.141.59.jar;"/>
    <property name="java.vm.vendor" value="Azul Systems, Inc."/>
    <property name="sun.arch.data.model" value="64"/>
    <property name="user.variant" value=""/>
    <property name="java.vendor.url" value="http://www.azulsystems.com/"/>
    <property name="user.timezone" value="Asia/Calcutta"/>
    <property name="java.vm.specification.version" value="11"/>
    <property name="os.name" value="Windows 10"/>
    <property name="sun.java.launcher" value="SUN_STANDARD"/>
    <property name="user.country" value="US"/>
    <property name="sun.boot.library.path" value="C:\Program Files\Java\jdk11.0.8\bin"/>
    <property name="sun.java.command" value="C:\Users\BYALAG~1.COR\AppData\Local\Temp\surefire2075397321727316866\surefirebooter2900557096555463188.jar C:\Users\BYalagudriD.CORPDOM\AppData\Local\Temp\surefire2075397321727316866 2020-11-12T19-04-19_727-jvmRun1 surefire4628582862051633063tmp surefire_012022912088648539001tmp"/>
    <property name="jdk.debug" value="release"/>
    <property name="surefire.test.class.path" value="F:\Personal\Projects\maven_heroku\target\test-classes;F:\Personal\Projects\maven_heroku\target\maven_heroku-0.0.1-SNAPSHOT.jar;C:\Users\BYalagudriD.CORPDOM\.m2\repository\log4j\log4j\1.2.17\log4j-1.2.17.jar;C:\Users\BYalagudriD.CORPDOM\.m2\repository\org\seleniumhq\selenium\selenium-java\3.141.59\selenium-java-3.141.59.jar;C:\Users\BYalagudriD.CORPDOM\.m2\repository\org\seleniumhq\selenium\selenium-edge-driver\3.141.59\selenium-edge-driver-3.141.59.jar;C:\Users\BYalagudriD.CORPDOM\.m2\repository\org\seleniumhq\selenium\selenium-firefox-driver\3.141.59\selenium-firefox-driver-3.141.59.jar;C:\Users\BYalagudriD.CORPDOM\.m2\repository\org\seleniumhq\selenium\selenium-ie-driver\3.141.59\selenium-ie-driver-3.141.59.jar;C:\Users\BYalagudriD.CORPDOM\.m2\repository\org\seleniumhq\selenium\selenium-opera-driver\3.141.59\selenium-opera-driver-3.141.59.jar;C:\Users\BYalagudriD.CORPDOM\.m2\repository\org\seleniumhq\selenium\selenium-remote-driver\3.141.59\selenium-remote-driver-3.141.59.jar;C:\Users\BYalagudriD.CORPDOM\.m2\repository\org\seleniumhq\selenium\selenium-safari-driver\3.141.59\selenium-safari-driver-3.141.59.jar;C:\Users\BYalagudriD.CORPDOM\.m2\repository\net\bytebuddy\byte-buddy\1.8.15\byte-buddy-1.8.15.jar;C:\Users\BYalagudriD.CORPDOM\.m2\repository\org\apache\commons\commons-exec\1.3\commons-exec-1.3.jar;C:\Users\BYalagudriD.CORPDOM\.m2\repository\com\google\guava\guava\25.0-jre\guava-25.0-jre.jar;C:\Users\BYalagudriD.CORPDOM\.m2\repository\com\google\code\findbugs\jsr305\1.3.9\jsr305-1.3.9.jar;C:\Users\BYalagudriD.CORPDOM\.m2\repository\org\checkerframework\checker-compat-qual\2.0.0\checker-compat-qual-2.0.0.jar;C:\Users\BYalagudriD.CORPDOM\.m2\repository\com\google\errorprone\error_prone_annotations\2.1.3\error_prone_annotations-2.1.3.jar;C:\Users\BYalagudriD.CORPDOM\.m2\repository\com\google\j2objc\j2objc-annotations\1.1\j2objc-annotations-1.1.jar;C:\Users\BYalagudriD.CORPDOM\.m2\repository\org\codehaus\mojo\animal-sniffer-annotations\1.14\animal-sniffer-annotations-1.14.jar;C:\Users\BYalagudriD.CORPDOM\.m2\repository\com\squareup\okhttp3\okhttp\3.11.0\okhttp-3.11.0.jar;C:\Users\BYalagudriD.CORPDOM\.m2\repository\com\squareup\okio\okio\1.14.0\okio-1.14.0.jar;C:\Users\BYalagudriD.CORPDOM\.m2\repository\io\github\bonigarcia\webdrivermanager\3.7.1\webdrivermanager-3.7.1.jar;C:\Users\BYalagudriD.CORPDOM\.m2\repository\org\slf4j\slf4j-api\1.7.25\slf4j-api-1.7.25.jar;C:\Users\BYalagudriD.CORPDOM\.m2\repository\commons-io\commons-io\2.6\commons-io-2.6.jar;C:\Users\BYalagudriD.CORPDOM\.m2\repository\com\google\code\gson\gson\2.8.5\gson-2.8.5.jar;C:\Users\BYalagudriD.CORPDOM\.m2\repository\org\apache\commons\commons-lang3\3.8.1\commons-lang3-3.8.1.jar;C:\Users\BYalagudriD.CORPDOM\.m2\repository\org\apache\httpcomponents\httpclient\4.5.6\httpclient-4.5.6.jar;C:\Users\BYalagudriD.CORPDOM\.m2\repository\org\apache\httpcomponents\httpcore\4.4.10\httpcore-4.4.10.jar;C:\Users\BYalagudriD.CORPDOM\.m2\repository\commons-logging\commons-logging\1.2\commons-logging-1.2.jar;C:\Users\BYalagudriD.CORPDOM\.m2\repository\commons-codec\commons-codec\1.10\commons-codec-1.10.jar;C:\Users\BYalagudriD.CORPDOM\.m2\repository\org\rauschig\jarchivelib\1.0.0\jarchivelib-1.0.0.jar;C:\Users\BYalagudriD.CORPDOM\.m2\repository\org\apache\commons\commons-compress\1.18\commons-compress-1.18.jar;C:\Users\BYalagudriD.CORPDOM\.m2\repository\org\jsoup\jsoup\1.11.3\jsoup-1.11.3.jar;C:\Users\BYalagudriD.CORPDOM\.m2\repository\junit\junit\4.12\junit-4.12.jar;C:\Users\BYalagudriD.CORPDOM\.m2\repository\org\hamcrest\hamcrest-core\1.3\hamcrest-core-1.3.jar;C:\Users\BYalagudriD.CORPDOM\.m2\repository\org\testng\testng\6.3.1\testng-6.3.1.jar;C:\Users\BYalagudriD.CORPDOM\.m2\repository\org\beanshell\bsh\2.0b4\bsh-2.0b4.jar;C:\Users\BYalagudriD.CORPDOM\.m2\repository\com\beust\jcommander\1.12\jcommander-1.12.jar;C:\Users\BYalagudriD.CORPDOM\.m2\repository\org\yaml\snakeyaml\1.6\snakeyaml-1.6.jar;C:\Users\BYalagudriD.CORPDOM\.m2\repository\io\rest-assured\rest-assured\4.3.0\rest-assured-4.3.0.jar;C:\Users\BYalagudriD.CORPDOM\.m2\repository\org\codehaus\groovy\groovy\3.0.2\groovy-3.0.2.jar;C:\Users\BYalagudriD.CORPDOM\.m2\repository\org\codehaus\groovy\groovy-xml\3.0.2\groovy-xml-3.0.2.jar;C:\Users\BYalagudriD.CORPDOM\.m2\repository\org\apache\httpcomponents\httpmime\4.5.3\httpmime-4.5.3.jar;C:\Users\BYalagudriD.CORPDOM\.m2\repository\org\hamcrest\hamcrest\2.1\hamcrest-2.1.jar;C:\Users\BYalagudriD.CORPDOM\.m2\repository\org\ccil\cowan\tagsoup\tagsoup\1.2.1\tagsoup-1.2.1.jar;C:\Users\BYalagudriD.CORPDOM\.m2\repository\io\rest-assured\json-path\4.3.0\json-path-4.3.0.jar;C:\Users\BYalagudriD.CORPDOM\.m2\repository\org\codehaus\groovy\groovy-json\3.0.2\groovy-json-3.0.2.jar;C:\Users\BYalagudriD.CORPDOM\.m2\repository\io\rest-assured\rest-assured-common\4.3.0\rest-assured-common-4.3.0.jar;C:\Users\BYalagudriD.CORPDOM\.m2\repository\io\rest-assured\xml-path\4.3.0\xml-path-4.3.0.jar;C:\Users\BYalagudriD.CORPDOM\.m2\repository\jakarta\xml\bind\jakarta.xml.bind-api\2.3.2\jakarta.xml.bind-api-2.3.2.jar;C:\Users\BYalagudriD.CORPDOM\.m2\repository\jakarta\activation\jakarta.activation-api\1.2.1\jakarta.activation-api-1.2.1.jar;C:\Users\BYalagudriD.CORPDOM\.m2\repository\com\sun\xml\bind\jaxb-osgi\2.3.0.1\jaxb-osgi-2.3.0.1.jar;C:\Users\BYalagudriD.CORPDOM\.m2\repository\org\apache\sling\org.apache.sling.javax.activation\0.1.0\org.apache.sling.javax.activation-0.1.0.jar;C:\Users\BYalagudriD.CORPDOM\.m2\repository\javax\activation\activation\1.1.1\activation-1.1.1.jar;C:\Users\BYalagudriD.CORPDOM\.m2\repository\com\saucelabs\sauce_junit\2.1.25\sauce_junit-2.1.25.jar;C:\Users\BYalagudriD.CORPDOM\.m2\repository\com\saucelabs\sauce_java_common\2.1.25\sauce_java_common-2.1.25.jar;C:\Users\BYalagudriD.CORPDOM\.m2\repository\com\saucelabs\saucerest\1.0.39\saucerest-1.0.39.jar;C:\Users\BYalagudriD.CORPDOM\.m2\repository\org\json\json\20171018\json-20171018.jar;C:\Users\BYalagudriD.CORPDOM\.m2\repository\org\seleniumhq\selenium\selenium-api\3.141.59\selenium-api-3.141.59.jar;C:\Users\BYalagudriD.CORPDOM\.m2\repository\org\seleniumhq\selenium\selenium-chrome-driver\3.141.59\selenium-chrome-driver-3.141.59.jar;C:\Users\BYalagudriD.CORPDOM\.m2\repository\org\seleniumhq\selenium\selenium-support\3.141.59\selenium-support-3.141.59.jar;"/>
    <property name="sun.cpu.endian" value="little"/>
    <property name="user.home" value="C:\Users\BYalagudriD.CORPDOM"/>
    <property name="user.language" value="en"/>
    <property name="java.specification.vendor" value="Oracle Corporation"/>
    <property name="java.version.date" value="2020-07-14"/>
    <property name="java.home" value="C:\Program Files\Java\jdk11.0.8"/>
    <property name="file.separator" value="\"/>
    <property name="basedir" value="F:\Personal\Projects\maven_heroku"/>
    <property name="java.vm.compressedOopsMode" value="Zero based"/>
    <property name="line.separator" value="&#10;"/>
    <property name="java.specification.name" value="Java Platform API Specification"/>
    <property name="java.vm.specification.vendor" value="Oracle Corporation"/>
    <property name="jdk.vendor.version" value="Zulu11.41+23-CA"/>
    <property name="java.awt.graphicsenv" value="sun.awt.Win32GraphicsEnvironment"/>
    <property name="surefire.real.class.path" value="C:\Users\BYALAG~1.COR\AppData\Local\Temp\surefire2075397321727316866\surefirebooter2900557096555463188.jar"/>
    <property name="user.script" value=""/>
    <property name="sun.management.compiler" value="HotSpot 64-Bit Tiered Compilers"/>
    <property name="java.runtime.version" value="11.0.8+10-LTS"/>
    <property name="user.name" value="BYalagudriD"/>
    <property name="path.separator" value=";"/>
    <property name="os.version" value="10.0"/>
    <property name="java.runtime.name" value="OpenJDK Runtime Environment"/>
    <property name="file.encoding" value="Cp1252"/>
    <property name="java.vm.name" value="OpenJDK 64-Bit Server VM"/>
    <property name="java.vendor.version" value="Zulu11.41+23-CA"/>
    <property name="localRepository" value="C:\Users\BYalagudriD.CORPDOM\.m2\repository"/>
    <property name="java.vendor.url.bug" value="http://www.azulsystems.com/support/"/>
    <property name="java.io.tmpdir" value="C:\Users\BYALAG~1.COR\AppData\Local\Temp\"/>
    <property name="java.version" value="11.0.8"/>
    <property name="user.dir" value="F:\Personal\Projects\maven_heroku"/>
    <property name="os.arch" value="amd64"/>
    <property name="java.vm.specification.name" value="Java Virtual Machine Specification"/>
    <property name="java.awt.printerjob" value="sun.awt.windows.WPrinterJob"/>
    <property name="idea.version2019.3.1" value="true"/>
    <property name="sun.os.patch.level" value=""/>
    <property name="java.library.path" value="C:\Program Files\Java\jdk11.0.8\bin;C:\WINDOWS\Sun\Java\bin;C:\WINDOWS\system32;C:\WINDOWS;C:\Users\BYalagudriD.CORPDOM\AppData\Roaming\npm;C:\Program Files\nodejs\;C:\Users\BYalagudriD.CORPDOM\AppData\Local\Programs\Python\Python38-32\Scripts\;C:\Users\BYalagudriD.CORPDOM\AppData\Local\Programs\Python\Python38-32\;C:\Users\BYalagudriD.CORPDOM\AppData\Local\Microsoft\WindowsApps;C:\Program Files\Java\jdk11.0.8;C:\apache-maven-3.6.3\bin;C:\Users\BYalagudriD.CORPDOM\AppData\Roaming\npm;;."/>
    <property name="java.vm.info" value="mixed mode"/>
    <property name="java.vendor" value="Azul Systems, Inc."/>
    <property name="java.vm.version" value="11.0.8+10-LTS"/>
    <property name="sun.io.unicode.encoding" value="UnicodeLittle"/>
    <property name="java.class.version" value="55.0"/>
  </properties>
  <testcase name="test01_home_Page_Load" classname="com.heroku.home.HomePge" time="0.068"/>
  <testcase name="test02_handle_Autocomplete" classname="com.heroku.home.HomePge" time="1.189"/>
  <testcase name="test03_button_click" classname="com.heroku.home.HomePge" time="3.148"/>
  <testcase name="test05_Datepicker" classname="com.heroku.home.HomePge" time="2.14"/>
  <testcase name="test06_checkBoxes" classname="com.heroku.home.HomePge" time="2.171"/>
  <testcase name="test07_click_Data_Picker" classname="com.heroku.home.HomePge" time="2.137"/>
  <testcase name="test08_click_Drag_and_Drop" classname="com.heroku.home.HomePge" time="2.129"/>
  <testcase name="test09_Enabled_and_disabled_elements" classname="com.heroku.home.HomePge" time="2.138"/>
  <testcase name="test10_File_Upload" classname="com.heroku.home.HomePge" time="2.131"/>
  <testcase name="test11_Key_and_Mouse_Press" classname="com.heroku.home.HomePge" time="2.132"/>
  <testcase name="test12_Modal" classname="com.heroku.home.HomePge" time="2.154"/>
  <testcase name="test13_Page_Scroll" classname="com.heroku.home.HomePge" time="2.134"/>
  <testcase name="test14_Radio_Button" classname="com.heroku.home.HomePge" time="2.141"/>
  <testcase name="test15_Switch_Window" classname="com.heroku.home.HomePge" time="2.141"/>
  <testcase name="test16_Complete_Web_Form" classname="com.heroku.home.HomePge" time="2.142"/>
</testsuite>