<?xml version="1.0" encoding="UTF-8"?>
<!-- Generated by org.testng.reporters.JUnitReportReporter -->
<testsuite hostname="INYalagudriD01" failures="0" tests="2" name="com.naukri.login.test.LogingNukriTest" time="0.008" errors="0" timestamp="7 Nov 2020 16:57:59 GMT">
  <testcase classname="com.naukri.login.test.LogingNukriTest" name="submit" time="0.000"/>
  <testcase classname="com.naukri.login.test.LogingNukriTest" name="login_to_naukri" time="0.008"/>
</testsuite>
